<?xml version="1.0" encoding="UTF-8"?>
<testsuite xmlns:xsi="http://www.w3.org/2001/XMLSchema-instance" xsi:noNamespaceSchemaLocation="https://maven.apache.org/surefire/maven-surefire-plugin/xsd/surefire-test-report.xsd" name="ru.netology.manager.AfishaManagerTest" time="2.252" tests="6" errors="1" skipped="0" failures="1">
  <properties>
    <property name="sun.desktop" value="windows"/>
    <property name="awt.toolkit" value="sun.awt.windows.WToolkit"/>
    <property name="java.specification.version" value="11"/>
    <property name="sun.cpu.isalist" value="amd64"/>
    <property name="sun.jnu.encoding" value="Cp1251"/>
    <property name="java.class.path" value="C:\Users\User\Desktop\Testing\Java\HW\TitleManager\target\test-classes;C:\Users\User\Desktop\Testing\Java\HW\TitleManager\target\classes;C:\Users\User\.m2\repository\org\projectlombok\lombok\1.18.12\lombok-1.18.12.jar;C:\Users\User\.m2\repository\org\junit\jupiter\junit-jupiter\5.7.0\junit-jupiter-5.7.0.jar;C:\Users\User\.m2\repository\org\junit\jupiter\junit-jupiter-api\5.7.0\junit-jupiter-api-5.7.0.jar;C:\Users\User\.m2\repository\org\apiguardian\apiguardian-api\1.1.0\apiguardian-api-1.1.0.jar;C:\Users\User\.m2\repository\org\opentest4j\opentest4j\1.2.0\opentest4j-1.2.0.jar;C:\Users\User\.m2\repository\org\junit\platform\junit-platform-commons\1.7.0\junit-platform-commons-1.7.0.jar;C:\Users\User\.m2\repository\org\junit\jupiter\junit-jupiter-params\5.7.0\junit-jupiter-params-5.7.0.jar;C:\Users\User\.m2\repository\org\junit\jupiter\junit-jupiter-engine\5.7.0\junit-jupiter-engine-5.7.0.jar;C:\Users\User\.m2\repository\org\junit\platform\junit-platform-engine\1.7.0\junit-platform-engine-1.7.0.jar;C:\Users\User\.m2\repository\org\mockito\mockito-junit-jupiter\3.3.3\mockito-junit-jupiter-3.3.3.jar;C:\Users\User\.m2\repository\org\mockito\mockito-core\3.3.3\mockito-core-3.3.3.jar;C:\Users\User\.m2\repository\net\bytebuddy\byte-buddy\1.10.5\byte-buddy-1.10.5.jar;C:\Users\User\.m2\repository\net\bytebuddy\byte-buddy-agent\1.10.5\byte-buddy-agent-1.10.5.jar;C:\Users\User\.m2\repository\org\objenesis\objenesis\2.6\objenesis-2.6.jar;"/>
    <property name="java.vm.vendor" value="AdoptOpenJDK"/>
    <property name="sun.arch.data.model" value="64"/>
    <property name="user.variant" value=""/>
    <property name="java.vendor.url" value="https://adoptopenjdk.net/"/>
    <property name="user.timezone" value="Europe/Moscow"/>
    <property name="java.vm.specification.version" value="11"/>
    <property name="os.name" value="Windows 7"/>
    <property name="sun.java.launcher" value="SUN_STANDARD"/>
    <property name="user.country" value="RU"/>
    <property name="sun.boot.library.path" value="C:\Program Files\AdoptOpenJDK\jdk-11.0.7.10-hotspot\bin"/>
    <property name="sun.java.command" value="C:\Users\User\AppData\Local\Temp\surefire308232427883129711\surefirebooter3711918002831002947.jar C:\Users\User\AppData\Local\Temp\surefire308232427883129711 2020-11-05T21-21-00_313-jvmRun1 surefire4081195884256366348tmp surefire_017981126415861170624tmp"/>
    <property name="jdk.debug" value="release"/>
    <property name="surefire.test.class.path" value="C:\Users\User\Desktop\Testing\Java\HW\TitleManager\target\test-classes;C:\Users\User\Desktop\Testing\Java\HW\TitleManager\target\classes;C:\Users\User\.m2\repository\org\projectlombok\lombok\1.18.12\lombok-1.18.12.jar;C:\Users\User\.m2\repository\org\junit\jupiter\junit-jupiter\5.7.0\junit-jupiter-5.7.0.jar;C:\Users\User\.m2\repository\org\junit\jupiter\junit-jupiter-api\5.7.0\junit-jupiter-api-5.7.0.jar;C:\Users\User\.m2\repository\org\apiguardian\apiguardian-api\1.1.0\apiguardian-api-1.1.0.jar;C:\Users\User\.m2\repository\org\opentest4j\opentest4j\1.2.0\opentest4j-1.2.0.jar;C:\Users\User\.m2\repository\org\junit\platform\junit-platform-commons\1.7.0\junit-platform-commons-1.7.0.jar;C:\Users\User\.m2\repository\org\junit\jupiter\junit-jupiter-params\5.7.0\junit-jupiter-params-5.7.0.jar;C:\Users\User\.m2\repository\org\junit\jupiter\junit-jupiter-engine\5.7.0\junit-jupiter-engine-5.7.0.jar;C:\Users\User\.m2\repository\org\junit\platform\junit-platform-engine\1.7.0\junit-platform-engine-1.7.0.jar;C:\Users\User\.m2\repository\org\mockito\mockito-junit-jupiter\3.3.3\mockito-junit-jupiter-3.3.3.jar;C:\Users\User\.m2\repository\org\mockito\mockito-core\3.3.3\mockito-core-3.3.3.jar;C:\Users\User\.m2\repository\net\bytebuddy\byte-buddy\1.10.5\byte-buddy-1.10.5.jar;C:\Users\User\.m2\repository\net\bytebuddy\byte-buddy-agent\1.10.5\byte-buddy-agent-1.10.5.jar;C:\Users\User\.m2\repository\org\objenesis\objenesis\2.6\objenesis-2.6.jar;"/>
    <property name="sun.cpu.endian" value="little"/>
    <property name="user.home" value="C:\Users\User"/>
    <property name="user.language" value="ru"/>
    <property name="java.specification.vendor" value="Oracle Corporation"/>
    <property name="java.version.date" value="2020-04-14"/>
    <property name="java.home" value="C:\Program Files\AdoptOpenJDK\jdk-11.0.7.10-hotspot"/>
    <property name="file.separator" value="\"/>
    <property name="basedir" value="C:\Users\User\Desktop\Testing\Java\HW\TitleManager"/>
    <property name="java.vm.compressedOopsMode" value="32-bit"/>
    <property name="line.separator" value="&#10;"/>
    <property name="java.specification.name" value="Java Platform API Specification"/>
    <property name="java.vm.specification.vendor" value="Oracle Corporation"/>
    <property name="java.awt.graphicsenv" value="sun.awt.Win32GraphicsEnvironment"/>
    <property name="idea.version2020.1.2" value="true"/>
    <property name="surefire.real.class.path" value="C:\Users\User\AppData\Local\Temp\surefire308232427883129711\surefirebooter3711918002831002947.jar"/>
    <property name="user.script" value=""/>
    <property name="sun.management.compiler" value="HotSpot 64-Bit Tiered Compilers"/>
    <property name="java.runtime.version" value="11.0.7+10"/>
    <property name="user.name" value="User"/>
    <property name="path.separator" value=";"/>
    <property name="os.version" value="6.1"/>
    <property name="java.runtime.name" value="OpenJDK Runtime Environment"/>
    <property name="file.encoding" value="Cp1251"/>
    <property name="java.vm.name" value="OpenJDK 64-Bit Server VM"/>
    <property name="java.vendor.version" value="AdoptOpenJDK"/>
    <property name="localRepository" value="C:\Users\User\.m2\repository"/>
    <property name="java.vendor.url.bug" value="https://github.com/AdoptOpenJDK/openjdk-support/issues"/>
    <property name="java.io.tmpdir" value="C:\Users\User\AppData\Local\Temp\"/>
    <property name="java.version" value="11.0.7"/>
    <property name="user.dir" value="C:\Users\User\Desktop\Testing\Java\HW\TitleManager"/>
    <property name="os.arch" value="amd64"/>
    <property name="java.vm.specification.name" value="Java Virtual Machine Specification"/>
    <property name="java.awt.printerjob" value="sun.awt.windows.WPrinterJob"/>
    <property name="sun.os.patch.level" value="Service Pack 1"/>
    <property name="java.library.path" value="C:\Program Files\AdoptOpenJDK\jdk-11.0.7.10-hotspot\bin;C:\Windows\Sun\Java\bin;C:\Windows\system32;C:\Windows;C:\Program Files\BellSoft\LibericaJDK-11\bin\;C:\Program Files\AdoptOpenJDK\jdk-11.0.7.10-hotspot\bin;C:\Program Files (x86)\Common Files\Oracle\Java\javapath;C:\Windows\system32;C:\Windows;C:\Windows\System32\Wbem;C:\Windows\System32\WindowsPowerShell\v1.0\;C:\Program Files\Git\cmd;C:\Users\User\AppData\Local\GitHubDesktop\bin;C:\Users\User\AppData\Local\Programs\Microsoft VS Code\bin;."/>
    <property name="java.vendor" value="AdoptOpenJDK"/>
    <property name="java.vm.info" value="mixed mode"/>
    <property name="java.vm.version" value="11.0.7+10"/>
    <property name="sun.io.unicode.encoding" value="UnicodeLittle"/>
    <property name="java.class.version" value="55.0"/>
  </properties>
  <testcase name="shouldRemoveIfExists" classname="ru.netology.manager.AfishaManagerTest" time="2.114"/>
  <testcase name="shouldFindByID" classname="ru.netology.manager.AfishaManagerTest" time="0.005"/>
  <testcase name="shouldNotRemoveIfNotExists" classname="ru.netology.manager.AfishaManagerTest" time="0.081">
    <failure message="actual array was &lt;null&gt;" type="org.opentest4j.AssertionFailedError"><![CDATA[org.opentest4j.AssertionFailedError: actual array was <null>
	at ru.netology.manager.AfishaManagerTest.shouldNotRemoveIfNotExists(AfishaManagerTest.java:98)
]]></failure>
  </testcase>
  <testcase name="shouldFindAll" classname="ru.netology.manager.AfishaManagerTest" time="0"/>
  <testcase name="shouldRemoveAll" classname="ru.netology.manager.AfishaManagerTest" time="0"/>
  <testcase name="shouldNotFindByIdIfNotExists" classname="ru.netology.manager.AfishaManagerTest" time="0.026">
    <error message="&#10;Movie[] cannot be returned by findById()&#10;findById() should return Movie&#10;***&#10;If you&apos;re unsure why you&apos;re getting above error read on.&#10;Due to the nature of the syntax above problem might occur because:&#10;1. This exception *might* occur in wrongly written multi-threaded tests.&#10;   Please refer to Mockito FAQ on limitations of concurrency testing.&#10;2. A spy is stubbed using when(spy.foo()).then() syntax. It is safer to stub spies - &#10;   - with doReturn|Throw() family of methods. More in javadocs for Mockito.spy() method.&#10;" type="org.mockito.exceptions.misusing.WrongTypeOfReturnValue">org.mockito.exceptions.misusing.WrongTypeOfReturnValue: 

Movie[] cannot be returned by findById()
findById() should return Movie
***
If you're unsure why you're getting above error read on.
Due to the nature of the syntax above problem might occur because:
1. This exception *might* occur in wrongly written multi-threaded tests.
   Please refer to Mockito FAQ on limitations of concurrency testing.
2. A spy is stubbed using when(spy.foo()).then() syntax. It is safer to stub spies - 
   - with doReturn|Throw() family of methods. More in javadocs for Mockito.spy() method.

	at ru.netology.manager.AfishaManagerTest.shouldNotFindByIdIfNotExists(AfishaManagerTest.java:65)
</error>
  </testcase>
</testsuite>